<<Player [RICHARD] login to this world.>>
<<Player [RICHARD] logout from this world.>>
<<Player [MARS] login to this world.>>
RICHARD:/
<<Player [MARS] logout from this world.>>
<<Player [RICHARD] login to this world.>>
<<Player [RICHARD] logout from this world.>>
<<Player [RICHARD] login to this world.>>
<<Player [RICHARD] logout from this world.>>
<<Player [流星烈影] login to this world.>>
<<Player [流星烈影] logout from this world.>>
<<Player [大清帝国] login to this world.>>
<<Player [大清帝国] logout from this world.>>
<<Player [RICHARD] login to this world.>>
<<Player [RICHARD] logout from this world.>>
<<Player [RICHARD] login to this world.>>
<<Player [666] login to this world.>>
666:有人不
[666] 有人不？
666:6
<<Player [RICHARD] logout from this world.>>
666:5
[666] ?????????????????????????????//
[RICHARD] sorry  a moment please
[666] li hai le 
[666] 哥们你在不
<<Player [666] logout from this world.>>
<<Player [RICHARD] login to this world.>>
<<Player [RICHARD] logout from this world.>>
