[RICHARD] which mission
cn|dachui:can you  speak   pingyin
[RICHARD] na ge ren wu
cn|dachui:song   shu
RICHARD:ok 
cn|dachui:bao gao shu
[RICHARD] ni men ren lu ma
cn|dachui:yi  lu  xiang  xi?
RICHARD:en
[cn|dachui] iiiii'
[RICHARD] come back...
<<Player [安雅] login to this world.>>
cn|dachui:、
cn|dachui:、、
<<Player [安雅] login to this world.>>
<<Player [MARS] login to this world.>>
<<Player [MARS] logout from this world.>>
cn|dachui:jiezhi
<<Player [MARS] login to this world.>>
<<Player [MARS] logout from this world.>>
<<Player [MARS] login to this world.>>
<<Player [MARS] logout from this world.>>
<<Player [MARS] login to this world.>>
<<Player [MARS] logout from this world.>>
<<Player [hasagei] login to this world.>>
<<Player [hasagei] logout from this world.>>
<<Player [安雅] logout from this world.>>
cn|dachui:、
cn|dachui:、
RICHARD:r u ok
RICHARD:233
cn|dachui:jiao  gei ni  le
RICHARD:..
RICHARD:?
cn|dachui:wu  liao  de  wo
RICHARD:>_<
RICHARD:da long?
RICHARD:long
[RICHARD] hey
RICHARD:xian zai da bao bei zen me ban
cn|dachui:hao  lei
cn|dachui:jaio  gei  ni  le
RICHARD:= =
[RICHARD] lai cang ku
[RICHARD] gei ni qian 
<<Player [安雅] login to this world.>>
RICHARD:what is it now
cn|dachui:i dont know
RICHARD:^_^
<<Player [black] login to this world.>>
<<Player [安雅] logout from this world.>>
<<Player [安雅] login to this world.>>
<<Player [安雅] login to this world.>>
summer:jianding
summer:jianding
summer:jian   ding
RICHARD:wait
summer:kill
[RICHARD] oh gosh
