RICHARD:qwq
[RICHARD] 23333333
[RICHARD] 哈哈
cn|dachui:什么
安雅:0.0
安雅:怎么了？
cn|dachui:O
[cn|dachui] zdwOぃO短
cn|dachui:
[cn|dachui] 
cn|dachui:bMê莹徒没「
[RICHARD] ......
[cn|dachui] ⒐
cn|dachui:Aヴ叭ЧΘFS
cn|dachui:III
RICHARD:y
RICHARD:y
RICHARD:我
cn|dachui:弧y杠
RICHARD:。。。
RICHARD:...
cn|dachui:弧H杠
RICHARD:代刚
RICHARD:摆 F`Fи氦j凌
cn|dachui:绥
cn|dachui:H幡n肪qF
RICHARD:航TO
cn|dachui:NOo恿c砰nJk
cn|dachui:嚎w  跑ΘssHF
RICHARD:
RICHARD:艽_jr
cn|dachui:s噶TR
cn|dachui:_īゴ应r
RICHARD:j凌A唱氦盎蚣CCCCC
安雅:我看不懂你们在说什么
cn|dachui:~CCC
RICHARD:
[cn|dachui] tㄓヴ叭
[RICHARD] 233
[RICHARD] иㄓm┣
[RICHARD] 抖も讽ZJ
cn|dachui:OGи999999ю阑
[RICHARD] 境
[RICHARD] 嚎w┣ゴぃ
[RICHARD] tI罕
[RICHARD] ┣]}本
cn|dachui:ㄓ
[RICHARD] on钩CCC
cn|dachui:b1加
RICHARD:Ln钩本奔F
cn|dachui:┣俐簿
RICHARD:τBぃ骸
cn|dachui:o柑
cn|dachui:何oZ竟
RICHARD:W豹郝鸥
RICHARD:и
[RICHARD] D毙Θ
[RICHARD] Г妇
[cn|dachui] 柑Г
[RICHARD] D毙
[RICHARD] 霉
<<Player [安雅] logout from this world.>>
