[RICHARD] where are you
hasagei:renne
<<Player [RICHARD] login to this world.>>
<<Player [hasagei] login to this world.>>
<<Player [hasagei] logout from this world.>>
<<Player [hasagei] login to this world.>>
<<Player [RICHARD] login to this world.>>
Dr.L:等级不够用不上
hasagei:三大倒萨啊
<<Player [RICHARD] logout from this world.>>
<<Player [RICHARD] login to this world.>>
<<Player [中国A组] login to this world.>>
<<Player [中国A组] logout from this world.>>
<<Player [Dr.L] login to this world.>>
<<Player [Dr.L] logout from this world.>>
<<Player [#纱~] login to this world.>>
<<Player [#纱~] logout from this world.>>
<<Player [Dr.L] login to this world.>>
<<Player [Dr.L] logout from this world.>>
<<Player [#纱~] login to this world.>>
