<<Player [vol] login to this world.>>
[RICHARD] come
<<Player [RICHARD] login to this world.>>
<<Player [hasagei] login to this world.>>
<<Player [vol] logout from this world.>>
hasagei:jinbuqu
<<Player [RICHARD] logout from this world.>>
<<Player [001] login to this world.>>
RICHARD:nice
<<Player [001] logout from this world.>>
<<Player [003] login to this world.>>
<<Player [RICHARD] login to this world.>>
003:jing yan gong xiang ma ?
[RICHARD] what's now?
003:mission?
003:i want,too
hasagei:what  you  name
[RICHARD] you are over lv80
hasagei:my  name  is  wang dachui
RICHARD:you are over lv80...
003:zhu di
003:i just want 50 or 60
hasagei:o   
003:my level is not true
RICHARD:hey
hasagei:hello
003:thanks
RICHARD:you are welcome
hasagei:55
RICHARD:dachui  come with me
003:i even don't know this place
hasagei:o    i kow
RICHARD:here
<<Player [hasagei] logout from this world.>>
<<Player [003] logout from this world.>>
<<Player [RICHARD] logout from this world.>>
<<Player [003] login to this world.>>
<<Player [003] logout from this world.>>
<<Player [RICHARD] login to this world.>>
<<Player [RICHARD] logout from this world.>>
<<Player [RICHARD] login to this world.>>
<<Player [RICHARD] logout from this world.>>
<<Player [RICHARD] login to this world.>>
<<Player [hasagei] login to this world.>>
hasagei:hahah 
RICHARD:welcome to the 3rd part of the world
<<Player [hasagei] logout from this world.>>
